<?xml version="1.0" encoding="UTF-8"?>
<!-- Generated by org.testng.reporters.JUnitXMLReporter -->
<testsuite hostname="Rashad" name="Test-UserGroup test Alfresco" tests="3" failures="0" timestamp="8 Jun 2016 06:34:50 GMT" time="75.945" errors="0">
  <testcase name="@BeforeMethod beforemethod" time="0.0" classname="com.zaizi.automation.alfresco.testScripts.UserGroupTest_FF">
    <failure type="org.openqa.selenium.remote.UnreachableBrowserException" message="Could not start a new session. Possible causes are invalid address of the remote server or browser start-up failure.
Build info: version: &amp;apos;2.53.0&amp;apos;, revision: &amp;apos;35ae25b1534ae328c771e0856c93e187490ca824&amp;apos;, time: &amp;apos;2016-03-15 10:43:46&amp;apos;
System info: host: &amp;apos;Rashad&amp;apos;, ip: &amp;apos;192.168.1.55&amp;apos;, os.name: &amp;apos;Mac OS X&amp;apos;, os.arch: &amp;apos;x86_64&amp;apos;, os.version: &amp;apos;10.10.4&amp;apos;, java.version: &amp;apos;1.8.0_73&amp;apos;
Driver info: driver.version: RemoteWebDriver">
      <![CDATA[org.openqa.selenium.remote.UnreachableBrowserException: Could not start a new session. Possible causes are invalid address of the remote server or browser start-up failure.
Build info: version: '2.53.0', revision: '35ae25b1534ae328c771e0856c93e187490ca824', time: '2016-03-15 10:43:46'
System info: host: 'Rashad', ip: '192.168.1.55', os.name: 'Mac OS X', os.arch: 'x86_64', os.version: '10.10.4', java.version: '1.8.0_73'
Driver info: driver.version: RemoteWebDriver
	at org.openqa.selenium.remote.RemoteWebDriver.execute(RemoteWebDriver.java:665)
	at org.openqa.selenium.remote.RemoteWebDriver.startSession(RemoteWebDriver.java:249)
	at org.openqa.selenium.remote.RemoteWebDriver.<init>(RemoteWebDriver.java:131)
	at org.openqa.selenium.remote.RemoteWebDriver.<init>(RemoteWebDriver.java:158)
	at com.zaizi.automation.alfresco.core.info.TestCaseProperties.gridDriver(TestCaseProperties.java:318)
	at com.zaizi.automation.alfresco.core.info.TestCaseProperties.driverType(TestCaseProperties.java:377)
	at com.zaizi.automation.alfresco.testScripts.UserGroupTest_FF.beforemethod(UserGroupTest_FF.java:94)
	at java.util.concurrent.ThreadPoolExecutor.runWorker(ThreadPoolExecutor.java:1142)
	at java.util.concurrent.ThreadPoolExecutor$Worker.run(ThreadPoolExecutor.java:617)
	at java.lang.Thread.run(Thread.java:745)
Caused by: org.apache.http.conn.HttpHostConnectException: Connect to 192.168.1.12:5555 [/192.168.1.12] failed: Operation timed out
	at org.apache.http.impl.conn.DefaultHttpClientConnectionOperator.connect(DefaultHttpClientConnectionOperator.java:151)
	at org.apache.http.impl.conn.PoolingHttpClientConnectionManager.connect(PoolingHttpClientConnectionManager.java:353)
	at org.apache.http.impl.execchain.MainClientExec.establishRoute(MainClientExec.java:380)
	at org.apache.http.impl.execchain.MainClientExec.execute(MainClientExec.java:236)
	at org.apache.http.impl.execchain.ProtocolExec.execute(ProtocolExec.java:184)
	at org.apache.http.impl.execchain.RetryExec.execute(RetryExec.java:88)
	at org.apache.http.impl.execchain.RedirectExec.execute(RedirectExec.java:110)
	at org.apache.http.impl.client.InternalHttpClient.doExecute(InternalHttpClient.java:184)
	at org.apache.http.impl.client.CloseableHttpClient.execute(CloseableHttpClient.java:71)
	at org.apache.http.impl.client.CloseableHttpClient.execute(CloseableHttpClient.java:55)
	at org.openqa.selenium.remote.internal.ApacheHttpClient.fallBackExecute(ApacheHttpClient.java:144)
	at org.openqa.selenium.remote.internal.ApacheHttpClient.execute(ApacheHttpClient.java:90)
	at org.openqa.selenium.remote.HttpCommandExecutor.execute(HttpCommandExecutor.java:142)
	at org.openqa.selenium.remote.RemoteWebDriver.execute(RemoteWebDriver.java:644)
	... 21 more
Caused by: java.net.ConnectException: Operation timed out
	at java.net.PlainSocketImpl.socketConnect(Native Method)
	at java.net.AbstractPlainSocketImpl.doConnect(AbstractPlainSocketImpl.java:350)
	at java.net.AbstractPlainSocketImpl.connectToAddress(AbstractPlainSocketImpl.java:206)
	at java.net.AbstractPlainSocketImpl.connect(AbstractPlainSocketImpl.java:188)
	at java.net.SocksSocketImpl.connect(SocksSocketImpl.java:392)
	at java.net.Socket.connect(Socket.java:589)
	at org.apache.http.conn.socket.PlainConnectionSocketFactory.connectSocket(PlainConnectionSocketFactory.java:74)
	at org.apache.http.impl.conn.DefaultHttpClientConnectionOperator.connect(DefaultHttpClientConnectionOperator.java:134)
	... 34 more
... Removed 12 stack frames]]>
    </failure>
  </testcase> <!-- @BeforeMethod beforemethod -->
  <testcase name="@AfterMethod close" time="0.0" classname="com.zaizi.automation.alfresco.testScripts.UserGroupTest_FF">
    <skipped/>
  </testcase> <!-- @AfterMethod close -->
  <testcase name="@BeforeMethod beforemethod" time="0.0" classname="com.zaizi.automation.alfresco.testScripts.UserGroupTest_FF">
    <skipped/>
  </testcase> <!-- @BeforeMethod beforemethod -->
  <testcase name="@AfterMethod close" time="0.0" classname="com.zaizi.automation.alfresco.testScripts.UserGroupTest_FF">
    <skipped/>
  </testcase> <!-- @AfterMethod close -->
  <testcase name="@BeforeMethod beforemethod" time="0.0" classname="com.zaizi.automation.alfresco.testScripts.UserGroupTest_FF">
    <skipped/>
  </testcase> <!-- @BeforeMethod beforemethod -->
  <testcase name="@AfterMethod close" time="0.0" classname="com.zaizi.automation.alfresco.testScripts.UserGroupTest_FF">
    <skipped/>
  </testcase> <!-- @AfterMethod close -->
  <testcase name="@AfterTest extent" time="0.0" classname="com.zaizi.automation.alfresco.testScripts.UserGroupTest_FF">
    <failure type="java.lang.NullPointerException">
      <![CDATA[java.lang.NullPointerException
	at com.relevantcodes.extentreports.Report.terminate(Report.java:417)
	at com.relevantcodes.extentreports.ExtentReports.close(ExtentReports.java:919)
	at com.zaizi.automation.alfresco.testScripts.UserGroupTest_FF.extent(UserGroupTest_FF.java:532)
	at org.apache.maven.surefire.testng.TestNGExecutor.run(TestNGExecutor.java:177)
	at org.apache.maven.surefire.testng.TestNGXmlTestSuite.execute(TestNGXmlTestSuite.java:92)
	at org.apache.maven.surefire.testng.TestNGProvider.invoke(TestNGProvider.java:105)
	at org.apache.maven.surefire.util.ReflectionUtils.invokeMethodWithArray(ReflectionUtils.java:189)
	at org.apache.maven.surefire.booter.ProviderFactory$ProviderProxy.invoke(ProviderFactory.java:165)
	at org.apache.maven.surefire.booter.ProviderFactory.invokeProvider(ProviderFactory.java:85)
	at org.apache.maven.surefire.booter.ForkedBooter.runSuitesInProcess(ForkedBooter.java:103)
	at org.apache.maven.surefire.booter.ForkedBooter.main(ForkedBooter.java:74)
... Removed 23 stack frames]]>
    </failure>
  </testcase> <!-- @AfterTest extent -->
  <testcase name="createGroup" time="0.001" classname="com.zaizi.automation.alfresco.testScripts.UserGroupTest_FF">
    <skipped/>
  </testcase> <!-- createGroup -->
  <testcase name="EditGroup" time="0.0" classname="com.zaizi.automation.alfresco.testScripts.UserGroupTest_FF">
    <skipped/>
  </testcase> <!-- EditGroup -->
  <testcase name="removeGroup" time="0.0" classname="com.zaizi.automation.alfresco.testScripts.UserGroupTest_FF">
    <skipped/>
  </testcase> <!-- removeGroup -->
</testsuite> <!-- Test-UserGroup test Alfresco -->
